app/build/intermediates/manifest_merge_blame_file/debug/processDebugMainManifest/manifest-merger-blame-debug-report.txt
1<?xml version="1.0" encoding="utf-8"?>
2<manifest xmlns:android="http://schemas.android.com/apk/res/android"
3    package="com.android.a5Galyzer"
4    android:versionCode="1"
5    android:versionName="1.0" >
6
7    <uses-sdk
8        android:minSdkVersion="30"
9        android:targetSdkVersion="34" />
10
11    <uses-permission android:name="android.permission.ACCESS_FINE_LOCATION" />
11-->src\main\AndroidManifest.xml:5:5-78
11-->src\main\AndroidManifest.xml:5:22-76
12    <uses-permission android:name="android.permission.ACCESS_COARSE_LOCATION" />
12-->src\main\AndroidManifest.xml:6:5-80
12-->src\main\AndroidManifest.xml:6:22-78
13    <uses-permission android:name="android.permission.INTERNET" />
13-->src\main\AndroidManifest.xml:7:5-67
13-->src\main\AndroidManifest.xml:7:22-64
14    <uses-permission android:name="android.permission.ACCESS_NETWORK_STATE" />
14-->src\main\AndroidManifest.xml:8:5-79
14-->src\main\AndroidManifest.xml:8:22-76
15
16    <uses-feature
16-->[com.google.android.gms:play-services-maps:18.2.0] AndroidManifest.xml:26:5-28:35
17        android:glEsVersion="0x00020000"
17-->[com.google.android.gms:play-services-maps:18.2.0] AndroidManifest.xml:27:9-41
18        android:required="true" />
18-->[com.google.android.gms:play-services-maps:18.2.0] AndroidManifest.xml:28:9-32
19
20    <queries>
20-->[com.google.android.gms:play-services-maps:18.2.0] AndroidManifest.xml:30:5-34:15
21
22        <!-- Needs to be explicitly declared on Android R+ -->
23        <package android:name="com.google.android.apps.maps" />
23-->[com.google.android.gms:play-services-maps:18.2.0] AndroidManifest.xml:33:9-64
23-->[com.google.android.gms:play-services-maps:18.2.0] AndroidManifest.xml:33:18-61
24    </queries>
25
26    <permission
26-->[androidx.core:core:1.13.1] AndroidManifest.xml:22:5-24:47
27        android:name="com.android.a5Galyzer.DYNAMIC_RECEIVER_NOT_EXPORTED_PERMISSION"
27-->[androidx.core:core:1.13.1] AndroidManifest.xml:23:9-81
28        android:protectionLevel="signature" />
28-->[androidx.core:core:1.13.1] AndroidManifest.xml:24:9-44
29
30    <uses-permission android:name="com.android.a5Galyzer.DYNAMIC_RECEIVER_NOT_EXPORTED_PERMISSION" />
30-->[androidx.core:core:1.13.1] AndroidManifest.xml:26:5-97
30-->[androidx.core:core:1.13.1] AndroidManifest.xml:26:22-94
31
32    <supports-screens
32-->[org.osmdroid:osmdroid-android:6.1.18] AndroidManifest.xml:9:5-12:40
33        android:anyDensity="true"
33-->[org.osmdroid:osmdroid-android:6.1.18] AndroidManifest.xml:10:9-34
34        android:largeScreens="true"
34-->[org.osmdroid:osmdroid-android:6.1.18] AndroidManifest.xml:11:9-36
35        android:normalScreens="true" />
35-->[org.osmdroid:osmdroid-android:6.1.18] AndroidManifest.xml:12:9-37
36
37    <uses-feature
37-->[org.osmdroid:osmdroid-android:6.1.18] AndroidManifest.xml:14:5-16:36
38        android:name="android.hardware.location.network"
38-->[org.osmdroid:osmdroid-android:6.1.18] AndroidManifest.xml:15:9-57
39        android:required="false" />
39-->[org.osmdroid:osmdroid-android:6.1.18] AndroidManifest.xml:16:9-33
40    <uses-feature
40-->[org.osmdroid:osmdroid-android:6.1.18] AndroidManifest.xml:17:5-19:36
41        android:name="android.hardware.location.gps"
41-->[org.osmdroid:osmdroid-android:6.1.18] AndroidManifest.xml:18:9-53
42        android:required="false" />
42-->[org.osmdroid:osmdroid-android:6.1.18] AndroidManifest.xml:19:9-33
43    <uses-feature
43-->[org.osmdroid:osmdroid-android:6.1.18] AndroidManifest.xml:20:5-22:36
44        android:name="android.hardware.telephony"
44-->[org.osmdroid:osmdroid-android:6.1.18] AndroidManifest.xml:21:9-50
45        android:required="false" />
45-->[org.osmdroid:osmdroid-android:6.1.18] AndroidManifest.xml:22:9-33
46    <uses-feature
46-->[org.osmdroid:osmdroid-android:6.1.18] AndroidManifest.xml:23:5-25:36
47        android:name="android.hardware.wifi"
47-->[org.osmdroid:osmdroid-android:6.1.18] AndroidManifest.xml:24:9-45
48        android:required="false" /> <!-- Permission will be merged into the manifest of the hosting app. -->
48-->[org.osmdroid:osmdroid-android:6.1.18] AndroidManifest.xml:25:9-33
49    <!-- Is required to launch foreground extraction service for targetSdkVersion 28+. -->
50    <uses-permission android:name="android.permission.FOREGROUND_SERVICE" />
50-->[com.google.android.play:core:1.10.3] AndroidManifest.xml:13:5-77
50-->[com.google.android.play:core:1.10.3] AndroidManifest.xml:13:22-74
51
52    <application
52-->src\main\AndroidManifest.xml:10:5-31:19
53        android:allowBackup="true"
53-->src\main\AndroidManifest.xml:11:9-35
54        android:appComponentFactory="androidx.core.app.CoreComponentFactory"
54-->[androidx.core:core:1.13.1] AndroidManifest.xml:28:18-86
55        android:dataExtractionRules="@xml/data_extraction_rules"
55-->src\main\AndroidManifest.xml:12:9-65
56        android:debuggable="true"
57        android:extractNativeLibs="false"
58        android:fullBackupContent="@xml/backup_rules"
58-->src\main\AndroidManifest.xml:13:9-54
59        android:icon="@mipmap/ic_launcher"
59-->src\main\AndroidManifest.xml:14:9-43
60        android:label="@string/app_name"
60-->src\main\AndroidManifest.xml:15:9-41
61        android:roundIcon="@mipmap/ic_launcher_round"
61-->src\main\AndroidManifest.xml:16:9-54
62        android:supportsRtl="true"
62-->src\main\AndroidManifest.xml:17:9-35
63        android:testOnly="true"
64        android:theme="@style/Theme.True" >
64-->src\main\AndroidManifest.xml:18:9-42
65        <activity
65-->src\main\AndroidManifest.xml:20:9-29:20
66            android:name="com.android.a5Galyzer.MainActivity"
66-->src\main\AndroidManifest.xml:21:13-41
67            android:exported="true"
67-->src\main\AndroidManifest.xml:22:13-36
68            android:theme="@style/Theme.True" >
68-->src\main\AndroidManifest.xml:23:13-46
69            <intent-filter>
69-->src\main\AndroidManifest.xml:24:13-28:29
70                <action android:name="android.intent.action.MAIN" />
70-->src\main\AndroidManifest.xml:25:17-69
70-->src\main\AndroidManifest.xml:25:25-66
71
72                <category android:name="android.intent.category.LAUNCHER" />
72-->src\main\AndroidManifest.xml:27:17-77
72-->src\main\AndroidManifest.xml:27:27-74
73            </intent-filter>
74        </activity>
75
76        <meta-data
76-->[com.google.maps.android:android-maps-utils:3.8.2] AndroidManifest.xml:8:9-10:69
77            android:name="com.google.android.gms.version"
77-->[com.google.maps.android:android-maps-utils:3.8.2] AndroidManifest.xml:9:13-58
78            android:value="@integer/google_play_services_version" /> <!-- Needs to be explicitly declared on P+ -->
78-->[com.google.maps.android:android-maps-utils:3.8.2] AndroidManifest.xml:10:13-66
79        <uses-library
79-->[com.google.android.gms:play-services-maps:18.2.0] AndroidManifest.xml:39:9-41:40
80            android:name="org.apache.http.legacy"
80-->[com.google.android.gms:play-services-maps:18.2.0] AndroidManifest.xml:40:13-50
81            android:required="false" />
81-->[com.google.android.gms:play-services-maps:18.2.0] AndroidManifest.xml:41:13-37
82
83        <activity
83-->[com.google.android.gms:play-services-base:18.0.1] AndroidManifest.xml:20:9-22:45
84            android:name="com.google.android.gms.common.api.GoogleApiActivity"
84-->[com.google.android.gms:play-services-base:18.0.1] AndroidManifest.xml:20:19-85
85            android:exported="false"
85-->[com.google.android.gms:play-services-base:18.0.1] AndroidManifest.xml:22:19-43
86            android:theme="@android:style/Theme.Translucent.NoTitleBar" />
86-->[com.google.android.gms:play-services-base:18.0.1] AndroidManifest.xml:21:19-78
87        <activity
87-->[androidx.compose.ui:ui-tooling-android:1.7.0-beta02] AndroidManifest.xml:23:9-25:39
88            android:name="androidx.compose.ui.tooling.PreviewActivity"
88-->[androidx.compose.ui:ui-tooling-android:1.7.0-beta02] AndroidManifest.xml:24:13-71
89            android:exported="true" />
89-->[androidx.compose.ui:ui-tooling-android:1.7.0-beta02] AndroidManifest.xml:25:13-36
90
91        <provider
91-->[androidx.emoji2:emoji2:1.3.0] AndroidManifest.xml:24:9-32:20
92            android:name="androidx.startup.InitializationProvider"
92-->[androidx.emoji2:emoji2:1.3.0] AndroidManifest.xml:25:13-67
93            android:authorities="com.android.a5Galyzer.androidx-startup"
93-->[androidx.emoji2:emoji2:1.3.0] AndroidManifest.xml:26:13-68
94            android:exported="false" >
94-->[androidx.emoji2:emoji2:1.3.0] AndroidManifest.xml:27:13-37
95            <meta-data
95-->[androidx.emoji2:emoji2:1.3.0] AndroidManifest.xml:29:13-31:52
96                android:name="androidx.emoji2.text.EmojiCompatInitializer"
96-->[androidx.emoji2:emoji2:1.3.0] AndroidManifest.xml:30:17-75
97                android:value="androidx.startup" />
97-->[androidx.emoji2:emoji2:1.3.0] AndroidManifest.xml:31:17-49
98            <meta-data
98-->[androidx.lifecycle:lifecycle-process:2.8.1] AndroidManifest.xml:29:13-31:52
99                android:name="androidx.lifecycle.ProcessLifecycleInitializer"
99-->[androidx.lifecycle:lifecycle-process:2.8.1] AndroidManifest.xml:30:17-78
100                android:value="androidx.startup" />
100-->[androidx.lifecycle:lifecycle-process:2.8.1] AndroidManifest.xml:31:17-49
101            <meta-data
101-->[androidx.profileinstaller:profileinstaller:1.3.1] AndroidManifest.xml:29:13-31:52
102                android:name="androidx.profileinstaller.ProfileInstallerInitializer"
102-->[androidx.profileinstaller:profileinstaller:1.3.1] AndroidManifest.xml:30:17-85
103                android:value="androidx.startup" />
103-->[androidx.profileinstaller:profileinstaller:1.3.1] AndroidManifest.xml:31:17-49
104        </provider>
105
106        <activity
106-->[androidx.compose.ui:ui-test-manifest:1.7.0-beta02] AndroidManifest.xml:23:9-25:39
107            android:name="androidx.activity.ComponentActivity"
107-->[androidx.compose.ui:ui-test-manifest:1.7.0-beta02] AndroidManifest.xml:24:13-63
108            android:exported="true" />
108-->[androidx.compose.ui:ui-test-manifest:1.7.0-beta02] AndroidManifest.xml:25:13-36
109
110        <receiver
110-->[androidx.profileinstaller:profileinstaller:1.3.1] AndroidManifest.xml:34:9-52:20
111            android:name="androidx.profileinstaller.ProfileInstallReceiver"
111-->[androidx.profileinstaller:profileinstaller:1.3.1] AndroidManifest.xml:35:13-76
112            android:directBootAware="false"
112-->[androidx.profileinstaller:profileinstaller:1.3.1] AndroidManifest.xml:36:13-44
113            android:enabled="true"
113-->[androidx.profileinstaller:profileinstaller:1.3.1] AndroidManifest.xml:37:13-35
114            android:exported="true"
114-->[androidx.profileinstaller:profileinstaller:1.3.1] AndroidManifest.xml:38:13-36
115            android:permission="android.permission.DUMP" >
115-->[androidx.profileinstaller:profileinstaller:1.3.1] AndroidManifest.xml:39:13-57
116            <intent-filter>
116-->[androidx.profileinstaller:profileinstaller:1.3.1] AndroidManifest.xml:40:13-42:29
117                <action android:name="androidx.profileinstaller.action.INSTALL_PROFILE" />
117-->[androidx.profileinstaller:profileinstaller:1.3.1] AndroidManifest.xml:41:17-91
117-->[androidx.profileinstaller:profileinstaller:1.3.1] AndroidManifest.xml:41:25-88
118            </intent-filter>
119            <intent-filter>
119-->[androidx.profileinstaller:profileinstaller:1.3.1] AndroidManifest.xml:43:13-45:29
120                <action android:name="androidx.profileinstaller.action.SKIP_FILE" />
120-->[androidx.profileinstaller:profileinstaller:1.3.1] AndroidManifest.xml:44:17-85
120-->[androidx.profileinstaller:profileinstaller:1.3.1] AndroidManifest.xml:44:25-82
121            </intent-filter>
122            <intent-filter>
122-->[androidx.profileinstaller:profileinstaller:1.3.1] AndroidManifest.xml:46:13-48:29
123                <action android:name="androidx.profileinstaller.action.SAVE_PROFILE" />
123-->[androidx.profileinstaller:profileinstaller:1.3.1] AndroidManifest.xml:47:17-88
123-->[androidx.profileinstaller:profileinstaller:1.3.1] AndroidManifest.xml:47:25-85
124            </intent-filter>
125            <intent-filter>
125-->[androidx.profileinstaller:profileinstaller:1.3.1] AndroidManifest.xml:49:13-51:29
126                <action android:name="androidx.profileinstaller.action.BENCHMARK_OPERATION" />
126-->[androidx.profileinstaller:profileinstaller:1.3.1] AndroidManifest.xml:50:17-95
126-->[androidx.profileinstaller:profileinstaller:1.3.1] AndroidManifest.xml:50:25-92
127            </intent-filter>
128        </receiver> <!-- The activities will be merged into the manifest of the hosting app. -->
129        <activity
129-->[com.google.android.play:core:1.10.3] AndroidManifest.xml:18:9-24:45
130            android:name="com.google.android.play.core.missingsplits.PlayCoreMissingSplitsActivity"
130-->[com.google.android.play:core:1.10.3] AndroidManifest.xml:19:13-100
131            android:enabled="false"
131-->[com.google.android.play:core:1.10.3] AndroidManifest.xml:20:13-36
132            android:exported="false"
132-->[com.google.android.play:core:1.10.3] AndroidManifest.xml:21:13-37
133            android:launchMode="singleInstance"
133-->[com.google.android.play:core:1.10.3] AndroidManifest.xml:22:13-48
134            android:process=":playcore_missing_splits_activity"
134-->[com.google.android.play:core:1.10.3] AndroidManifest.xml:23:13-64
135            android:stateNotNeeded="true" />
135-->[com.google.android.play:core:1.10.3] AndroidManifest.xml:24:13-42
136        <activity
136-->[com.google.android.play:core:1.10.3] AndroidManifest.xml:25:9-29:65
137            android:name="com.google.android.play.core.common.PlayCoreDialogWrapperActivity"
137-->[com.google.android.play:core:1.10.3] AndroidManifest.xml:26:13-93
138            android:exported="false"
138-->[com.google.android.play:core:1.10.3] AndroidManifest.xml:27:13-37
139            android:stateNotNeeded="true"
139-->[com.google.android.play:core:1.10.3] AndroidManifest.xml:28:13-42
140            android:theme="@style/Theme.PlayCore.Transparent" /> <!-- The services will be merged into the manifest of the hosting app. -->
140-->[com.google.android.play:core:1.10.3] AndroidManifest.xml:29:13-62
141        <service
141-->[com.google.android.play:core:1.10.3] AndroidManifest.xml:32:9-39:19
142            android:name="com.google.android.play.core.assetpacks.AssetPackExtractionService"
142-->[com.google.android.play:core:1.10.3] AndroidManifest.xml:33:13-94
143            android:enabled="false"
143-->[com.google.android.play:core:1.10.3] AndroidManifest.xml:34:13-36
144            android:exported="true" >
144-->[com.google.android.play:core:1.10.3] AndroidManifest.xml:35:13-36
145            <meta-data
145-->[com.google.android.play:core:1.10.3] AndroidManifest.xml:36:13-38:41
146                android:name="com.google.android.play.core.assetpacks.versionCode"
146-->[com.google.android.play:core:1.10.3] AndroidManifest.xml:37:17-83
147                android:value="11003" />
147-->[com.google.android.play:core:1.10.3] AndroidManifest.xml:38:17-38
148        </service>
149        <service
149-->[com.google.android.play:core:1.10.3] AndroidManifest.xml:40:9-43:40
150            android:name="com.google.android.play.core.assetpacks.ExtractionForegroundService"
150-->[com.google.android.play:core:1.10.3] AndroidManifest.xml:41:13-95
151            android:enabled="false"
151-->[com.google.android.play:core:1.10.3] AndroidManifest.xml:42:13-36
152            android:exported="false" />
152-->[com.google.android.play:core:1.10.3] AndroidManifest.xml:43:13-37
153    </application>
154
155</manifest>